app/proguard-rules.pro
# Add project specific ProGuard rules here.
# By default, the flags in this file are appended to flags specified
# in E:\Develop\sdk/tools/proguard/proguard-android.txt
# You can edit the include path and order by changing the proguardFiles
# directive in build.gradle.
#
# For more details, see
#   http://developer.android.com/guide/developing/tools/proguard.html

# Add any project specific keep options here:

# If your project uses WebView with JS, uncomment the following
# and specify the fully qualified class name to the JavaScript interface
# class:
#-keepclassmembers class fqcn.of.javascript.interface.for.webview {
#   public *;
#}

# Uncomment this to preserve the line number information for
# debugging stack traces.
#-keepattributes SourceFile,LineNumberTable

# If you keep the line number information, uncomment this to
# hide the original source file name.
#-renamesourcefileattribute SourceFile





-optimizationpasses 5                        # 指定代码的压缩级别
-dontusemixedcaseclassnames                  # 包名不混合大小写
-dontskipnonpubliclibraryclasses             # 不去忽略非公共的库类
-dontpreverify                               # 预校验
-verbose                                     # 混淆时是否记录日志
-dontoptimize                                #优化  不优化输入的类文件
-ignorewarnings                             # 忽略警告，避免打包时某些警告出现
-optimizations !code/simplification/arithmetic,!field/*,!class/merging/*  # 混淆时所采用的算法

-keepattributes Exceptions,InnerClasses,Signature,Deprecated,SourceFile,LineNumberTable,*Annotation*,EnclosingMethod #泛型反射

-keep public class * extends android.view.View {
    public <init>(android.content.Context);
    public <init>(android.content.Context, android.util.AttributeSet);
    public <init>(android.content.Context, android.util.AttributeSet, int);
    public void set*(...);
}
 #保持 native 方法不被混淆
  -keepclasseswithmembers,allowshrinking class * {
                native <methods>;
}
  #保持自定义控件类不被混淆
-keepclasseswithmembers class * {
                public <init>(android.content.Context, android.util.AttributeSet);
}

-keepclasseswithmembers class * {
    public <init>(android.content.Context, android.util.AttributeSet, int);
}

-keep @com.google.common.annotations.VisibleForTesting class *
-keepclassmembers class * {
@com.google.common.annotations.VisibleForTesting *;
}


-keepclassmembers class * extends android.content.Context {
   public void *(android.view.View);
   public void *(android.view.MenuItem);
}
#保持 Parcelable 不被混淆
-keepclassmembers class * implements android.os.Parcelable {
    static ** CREATOR;
}
#不混淆资源类
-keepclassmembers class **.R$* {
    public static <fields>;
}

-keepclassmembers class * {
    @android.webkit.JavascriptInterface <methods>;
}

-keep class com.weike.education.bean.** {*;}

 #保持 Serializable 不被混淆
-keepnames class * implements java.io.Serializable

            #保持 Serializable 不被混淆并且enum 类也不被混淆
-keepclassmembers class * implements java.io.Serializable {
                static final long serialVersionUID;
                private static final java.io.ObjectStreamField[] serialPersistentFields;
                !static !transient <fields>;
                !private <fields>;
                !private <methods>;
                private void writeObject(java.io.ObjectOutputStream);
                private void readObject(java.io.ObjectInputStream);
                java.lang.Object writeReplace();
                java.lang.Object readResolve();
}

-keep public class * extends android.app.Activity
-keep public class * extends android.support.v7.app.AppCompatActivity
-keep public class * extends android.support.v4.app.Fragment
-keep public class * extends android.app.Fragment
-keep public class * extends android.app.Application
-keep public class * extends android.app.Service
-keep public class * extends android.content.BroadcastReceiver
-keep public class * extends android.content.ContentProvider
-keep public class * extends android.app.backup.BackupAgentHelper
-keep public class * extends android.preference.Preference
-keep public class  com.android.vending.licensing.ILicensingServer
-keep public class * extends android.os.IInterface

#v4,v7,v13包
-keep class android.support.v4.** { *; }
-keep interface android.support.v4.app.** { *; }
-keep class android.support.v7.** { *; }
-keep interface android.support.v7.app.** { *; }
-keep class android.support.v13.** { *; }
-keep interface android.support.v13.app.** { *; }
-dontwarn android.support.**
-dontwarn javax.annotation.**
-dontwarn javax.inject.**

# OkHttp3
-dontwarn okhttp3.logging.**
-keep class okhttp3.internal.**{*;}
-dontwarn okio.**
# Retrofit
-dontwarn retrofit.**
-keep class retrofit.** { *; }
-keepattributes Signature
-keepattributes Exceptions
# RxJava RxAndroid
-dontwarn sun.misc.**
-keepclassmembers class rx.internal.util.unsafe.*ArrayQueue*Field* {
    long producerIndex;
    long consumerIndex;
}
-keepclassmembers class rx.internal.util.unsafe.BaseLinkedQueueProducerNodeRef {
    rx.internal.util.atomic.LinkedQueueNode producerNode;
}
-keepclassmembers class rx.internal.util.unsafe.BaseLinkedQueueConsumerNodeRef {
    rx.internal.util.atomic.LinkedQueueNode consumerNode;
}
# If you do not use RxJava:
-dontwarn rx.**

# 如果使用了Gson之类的工具要使被它解析的JavaBean类即实体类不被混淆。
-keep class com.matrix.app.entity.json.** { *; }
-keep class com.matrix.appsdk.network.model.** { *; }


# support-v7-appcompat
-keep public class android.support.v7.widget.** { *; }
-keep public class android.support.v7.internal.widget.** { *; }
-keep public class android.support.v7.internal.view.menu.** { *; }
-keep public class * extends android.support.v4.view.ActionProvider {
      public <init>(android.content.Context);
}
# support-design
-dontwarn android.support.design.**
-keep class android.support.design.** { *; }
-keep interface android.support.design.** { *; }
-keep public class android.support.design.R$* { *; }

################RxLifeCycle#################
-keep class com.trello.rxlifecycle.** { *; }
-keep interface com.trello.rxlifecycle.** { *;}


################BaseRecyclerViewAdapterHelper#################
-keep class com.chad.library.adapter.** {
*;
}
-keep public class * extends com.chad.library.adapter.base.BaseQuickAdapter
-keep public class * extends com.chad.library.adapter.base.BaseViewHolder
-keepclassmembers  class **$** extends com.chad.library.adapter.base.BaseViewHolder {
     <init>(...);
}

################glide#################
-keep public class * implements com.bumptech.glide.module.GlideModule
-keep public class * extends com.bumptech.glide.module.AppGlideModule
-keep public enum com.bumptech.glide.load.ImageHeaderParser$** {
  **[] $VALUES;
  public *;
}

################Flycotablayout#################
-dontwarn com.flyco.tablayout.**
-keep class com.flyco.tablayout.**{*;}


#ijkplayer
-keep class tv.danmaku.ijk.media.player.** {*;}
-keep class tv.danmaku.ijk.media.player.IjkMediaPlayer{*;}
-keep class tv.danmaku.ijk.media.player.ffmpeg.FFmpegApi{*;}