app/build/outputs/mapping/release/mapping.txt
com.weike.education.App -> com.weike.education.App:
    kotlin.reflect.KProperty[] $$delegatedProperties -> a
    java.util.HashSet allActivities -> d
    kotlin.Lazy mApiComponent$delegate -> e
    com.weike.education.App instance -> b
    com.weike.education.App$Companion Companion -> c
    void <clinit>() -> <clinit>
    com.weike.education.di.component.ApiComponent getMApiComponent() -> a
    52:58:void onCreate() -> onCreate
    73:74:void initNetwork() -> d
    77:78:void initCrashHandler() -> e
    81:82:void initLog() -> f
    89:94:void addActivity(android.app.Activity) -> a
    101:102:void removeActivity(android.app.Activity) -> b
    106:113:void exitApp() -> b
    42:44:void <init>() -> <init>
    42:42:com.weike.education.App access$getInstance$cp() -> c
com.weike.education.App$Companion -> com.weike.education.App$a:
    61:61:com.weike.education.App getInstance() -> a
    60:60:void <init>() -> <init>
    60:60:void <init>(kotlin.jvm.internal.DefaultConstructorMarker) -> <init>
com.weike.education.App$mApiComponent$2 -> com.weike.education.App$mApiComponent$2:
    com.weike.education.App$mApiComponent$2 INSTANCE -> INSTANCE
    42:42:java.lang.Object invoke() -> invoke
    45:47:com.weike.education.di.component.ApiComponent invoke() -> invoke
    void <init>() -> <init>
    void <clinit>() -> <clinit>
com.weike.education.R -> com.weike.education.a:
com.weike.education.R$id -> com.weike.education.a$a:
    int ALT -> ALT
    int BLOCK -> BLOCK
    int BOTH -> BOTH
    int BOTTOM -> BOTTOM
    int BaseQuickAdapter_databinding_support -> BaseQuickAdapter_databinding_support
    int BaseQuickAdapter_dragging_support -> BaseQuickAdapter_dragging_support
    int BaseQuickAdapter_swiping_support -> BaseQuickAdapter_swiping_support
    int BaseQuickAdapter_viewholder_support -> BaseQuickAdapter_viewholder_support
    int CTRL -> CTRL
    int FUNCTION -> FUNCTION
    int LEFT -> LEFT
    int META -> META
    int NONE -> NONE
    int NORMAL -> NORMAL
    int RIGHT -> RIGHT
    int SELECT -> SELECT
    int SHIFT -> SHIFT
    int SYM -> SYM
    int TOP -> TOP
    int TRIANGLE -> TRIANGLE
    int action0 -> action0
    int action_bar -> action_bar
    int action_bar_activity_content -> action_bar_activity_content
    int action_bar_container -> action_bar_container
    int action_bar_root -> action_bar_root
    int action_bar_spinner -> action_bar_spinner
    int action_bar_subtitle -> action_bar_subtitle
    int action_bar_title -> action_bar_title
    int action_container -> action_container
    int action_context_bar -> action_context_bar
    int action_divider -> action_divider
    int action_image -> action_image
    int action_menu_divider -> action_menu_divider
    int action_menu_presenter -> action_menu_presenter
    int action_mode_bar -> action_mode_bar
    int action_mode_bar_stub -> action_mode_bar_stub
...
android.support.v4.media.session.MediaControllerCompat$MediaControllerImplApi21$ExtraBinderRequestResultReceiver -> android.support.v4.media.session.MediaControllerCompat$MediaControllerImplApi21$ExtraBinderRequestResultReceiver:
    java.lang.ref.WeakReference mMediaControllerImpl -> mMediaControllerImpl
    2161:2163:void <init>(android.support.v4.media.session.MediaControllerCompat$MediaControllerImplApi21,android.os.Handler) -> <init>
    2167:2174:void onReceiveResult(int,android.os.Bundle) -> onReceiveResult
android.support.v4.media.session.MediaControllerCompat$MediaControllerImplApi21$ExtraCallback -> android.support.v4.media.session.MediaControllerCompat$MediaControllerImplApi21$ExtraCallback:
    2179:2180:void <init>(android.support.v4.media.session.MediaControllerCompat$Callback) -> <init>
    2185:2185:void onSessionDestroyed() -> onSessionDestroyed
    2191:2191:void onMetadataChanged(android.support.v4.media.MediaMetadataCompat) -> onMetadataChanged
    2197:2197:void onQueueChanged(java.util.List) -> onQueueChanged
    2203:2203:void onQueueTitleChanged(java.lang.CharSequence) -> onQueueTitleChanged
    2209:2209:void onExtrasChanged(android.os.Bundle) -> onExtrasChanged
    2215:2215:void onVolumeInfoChanged(android.support.v4.media.session.ParcelableVolumeInfo) -> onVolumeInfoChanged
android.support.v4.media.session.MediaControllerCompat$MediaControllerImplApi23 -> android.support.v4.media.session.MediaControllerCompat$MediaControllerImplApi23:
    2379:2380:void <init>(android.content.Context,android.support.v4.media.session.MediaSessionCompat) -> <init>
    2384:2385:void <init>(android.content.Context,android.support.v4.media.session.MediaSessionCompat$Token) -> <init>
    2389:2390:android.support.v4.media.session.MediaControllerCompat$TransportControls getTransportControls() -> getTransportControls
android.support.v4.media.session.MediaControllerCompat$MediaControllerImplApi24 -> android.support.v4.media.session.MediaControllerCompat$MediaControllerImplApi24:
    2412:2413:void <init>(android.content.Context,android.support.v4.media.session.MediaSessionCompat) -> <init>
    2417:2418:void <init>(android.content.Context,android.support.v4.media.session.MediaSessionCompat$Token) -> <init>
    2422:2423:android.support.v4.media.session.MediaControllerCompat$TransportControls getTransportControls() -> getTransportControls
android.support.v4.media.session.MediaControllerCompat$MediaControllerImplBase -> android.support.v4.media.session.MediaControllerCompat$MediaControllerImplBase:
    android.support.v4.media.session.IMediaSession mBinder -> mBinder
    android.support.v4.media.session.MediaControllerCompat$TransportControls mTransportControls -> mTransportControls
    1396:1398:void <init>(android.support.v4.media.session.MediaSessionCompat$Token) -> <init>
    1402:1412:void registerCallback(android.support.v4.media.session.MediaControllerCompat$Callback,android.os.Handler) -> registerCallback
    1416:1426:void unregisterCallback(android.support.v4.media.session.MediaControllerCompat$Callback) -> unregisterCallback
    1430:1438:boolean dispatchMediaButtonEvent(android.view.KeyEvent) -> dispatchMediaButtonEvent
    1443:1447:android.support.v4.media.session.MediaControllerCompat$TransportControls getTransportControls() -> getTransportControls
    1453:1457:android.support.v4.media.session.PlaybackStateCompat getPlaybackState() -> getPlaybackState
    1463:1467:android.support.v4.media.MediaMetadataCompat getMetadata() -> getMetadata
    1473:1477:java.util.List getQueue() -> getQueue
    1483:1492:void addQueueItem(android.support.v4.media.MediaDescriptionCompat) -> addQueueItem
    1497:1506:void addQueueItem(android.support.v4.media.MediaDescriptionCompat,int) -> addQueueItem
    1511:1520:void removeQueueItem(android.support.v4.media.MediaDescriptionCompat) -> removeQueueItem