app/build/outputs/mapping/release/usage.txt
com.weike.education.App:
    42:42:public static final synthetic void access$setInstance$cp(com.weike.education.App)
com.weike.education.App$Companion:
    61:61:public final void setInstance(com.weike.education.App)
com.weike.education.BuildConfig
com.weike.education.R:
    10:10:public R()
com.weike.education.R$anim
com.weike.education.R$animator
com.weike.education.R$array
com.weike.education.R$attr
com.weike.education.R$bool
com.weike.education.R$color
com.weike.education.R$dimen
com.weike.education.R$drawable
com.weike.education.R$id:
    4578:4578:public R$id()
com.weike.education.R$integer
com.weike.education.R$layout
com.weike.education.R$menu
com.weike.education.R$mipmap
com.weike.education.R$string
com.weike.education.R$style
com.weike.education.R$styleable:
    5489:5489:public R$styleable()
com.weike.education.adapter.app.ChoosePhaseAdapter:
    17:17:public final int getSelectedPosition()
com.weike.education.adapter.app.SectionTypeColumnAdapter:
    16:16:public SectionTypeColumnAdapter(java.util.List)
com.weike.education.adapter.course.CourseCategoryAdapter:
    19:19:public static final synthetic void access$setMContext$p(com.weike.education.adapter.course.CourseCategoryAdapter,android.content.Context)
com.weike.education.base.BaseActivity:
    23:23:protected final void setMContext(android.content.Context)
    24:24:protected final void setMToolbar(android.support.v7.widget.Toolbar)
    93:93:public final void initRecyclerView()
    113:118:public final varargs void visible(android.view.View[])
    125:130:public final varargs void inVisible(android.view.View[])
    public void _$_clearFindViewByIdCache()
com.weike.education.base.BaseContract$BasePresenter:
    public abstract void attachView(java.lang.Object)
com.weike.education.base.BaseFragment:
    24:24:protected final void setMView(android.view.View)
    25:25:protected final android.app.Activity getMActivity()
    25:25:protected final void setMActivity(android.app.Activity)
    26:26:protected final android.view.LayoutInflater getMInflater()
    26:26:protected final void setMInflater(android.view.LayoutInflater)
    27:27:protected final void setMContext(android.content.Context)
    31:31:protected final void setMIsVisible(boolean)
    199:207:public final android.content.Context getApplicationContext()
    214:219:public final varargs void gone(android.view.View[])
    226:231:public final varargs void visible(android.view.View[])
com.weike.education.base.BaseInjectActivity:
    18:18:public final void setMPresenter(com.weike.education.base.BaseContract$BasePresenter)
    public void _$_clearFindViewByIdCache()
com.weike.education.base.BaseInjectActivity_MembersInjector:
    private final javax.inject.Provider mPresenterProvider
    11:13:public BaseInjectActivity_MembersInjector(javax.inject.Provider)
    17:17:public static dagger.MembersInjector create(javax.inject.Provider)
    22:23:public void injectMembers(com.weike.education.base.BaseInjectActivity)
    7:7:public bridge synthetic void injectMembers(java.lang.Object)
com.weike.education.base.BaseInjectFragment:
    18:18:public final void setMPresenter(com.weike.education.base.BaseContract$BasePresenter)
com.weike.education.base.BaseInjectFragment_MembersInjector:
    private final javax.inject.Provider mPresenterProvider
    11:13:public BaseInjectFragment_MembersInjector(javax.inject.Provider)
    17:17:public static dagger.MembersInjector create(javax.inject.Provider)
    22:23:public void injectMembers(com.weike.education.base.BaseInjectFragment)
    7:7:public bridge synthetic void injectMembers(java.lang.Object)
...
kotlin.io.ConsoleKt$decoder$2
kotlin.io.ConstantsKt
kotlin.io.ExceptionsKt
kotlin.io.FileAlreadyExistsException
kotlin.io.FilePathComponents
kotlin.io.FileSystemException
kotlin.io.FileTreeWalk
kotlin.io.FileTreeWalk$DirectoryState
kotlin.io.FileTreeWalk$FileTreeWalkIterator
kotlin.io.FileTreeWalk$FileTreeWalkIterator$BottomUpDirectoryState
kotlin.io.FileTreeWalk$FileTreeWalkIterator$SingleFileState
kotlin.io.FileTreeWalk$FileTreeWalkIterator$TopDownDirectoryState
kotlin.io.FileTreeWalk$FileTreeWalkIterator$WhenMappings
kotlin.io.FileTreeWalk$WalkState
kotlin.io.FileWalkDirection
kotlin.io.FilesKt
kotlin.io.FilesKt__FilePathComponentsKt
kotlin.io.FilesKt__FileReadWriteKt
kotlin.io.FilesKt__FileReadWriteKt$readLines$1
kotlin.io.FilesKt__FileTreeWalkKt
kotlin.io.FilesKt__UtilsKt
kotlin.io.FilesKt__UtilsKt$copyRecursively$1
kotlin.io.FilesKt__UtilsKt$copyRecursively$2
kotlin.io.LinesSequence
kotlin.io.LinesSequence$iterator$1
kotlin.io.NoSuchFileException
kotlin.io.OnErrorAction
kotlin.io.SerializableKt
kotlin.io.TerminateException
kotlin.io.TextStreamsKt
kotlin.io.TextStreamsKt$readLines$1
kotlin.jdk7.AutoCloseableKt
kotlin.jvm.JvmClassMappingKt:
    public static synthetic void java$annotations(kotlin.reflect.KClass)
    28:28:public static final java.lang.Class getJavaClass(kotlin.reflect.KClass)
    35:48:public static final java.lang.Class getJavaPrimitiveType(kotlin.reflect.KClass)
    80:80:public static final kotlin.reflect.KClass getKotlinClass(java.lang.Class)
    88:88:public static final java.lang.Class getJavaClass(java.lang.Object)
    public static synthetic void javaClass$annotations(kotlin.reflect.KClass)
    94:94:public static final java.lang.Class getRuntimeClassOfKClassInstance(kotlin.reflect.KClass)
    101:101:private static final boolean isArrayOf(java.lang.Object[])
    107:107:public static final kotlin.reflect.KClass getAnnotationClass(java.lang.annotation.Annotation)
kotlin.jvm.JvmDefault
kotlin.jvm.JvmField
kotlin.jvm.JvmMultifileClass
kotlin.jvm.JvmName
kotlin.jvm.JvmOverloads
kotlin.jvm.JvmPackageName
kotlin.jvm.JvmStatic
kotlin.jvm.JvmSuppressWildcards
kotlin.jvm.JvmSynthetic
kotlin.jvm.JvmVersion
kotlin.jvm.JvmWildcard
kotlin.jvm.PurelyImplements
kotlin.jvm.Strictfp
kotlin.jvm.Synchronized
kotlin.jvm.Throws
kotlin.jvm.Transient
kotlin.jvm.Volatile
kotlin.jvm.functions.Function10
kotlin.jvm.functions.Function11
kotlin.jvm.functions.Function12
kotlin.jvm.functions.Function13
kotlin.jvm.functions.Function14
kotlin.jvm.functions.Function15
kotlin.jvm.functions.Function16
kotlin.jvm.functions.Function17
kotlin.jvm.functions.Function18
kotlin.jvm.functions.Function19
kotlin.jvm.functions.Function2
kotlin.jvm.functions.Function20
kotlin.jvm.functions.Function21
kotlin.jvm.functions.Function22
kotlin.jvm.functions.Function3
kotlin.jvm.functions.Function4
kotlin.jvm.functions.Function5
kotlin.jvm.functions.Function6
kotlin.jvm.functions.Function7
kotlin.jvm.functions.Function8
kotlin.jvm.functions.Function9
kotlin.jvm.internal.ArrayBooleanIterator
kotlin.jvm.internal.ArrayByteIterator
kotlin.jvm.internal.ArrayCharIterator
kotlin.jvm.internal.ArrayDoubleIterator
kotlin.jvm.internal.ArrayFloatIterator
kotlin.jvm.internal.ArrayIntIterator
kotlin.jvm.internal.ArrayIterator
kotlin.jvm.internal.ArrayIteratorKt
kotlin.jvm.internal.ArrayIteratorsKt
kotlin.jvm.internal.ArrayLongIterator
kotlin.jvm.internal.ArrayShortIterator
kotlin.jvm.internal.BooleanSpreadBuilder
kotlin.jvm.internal.ByteCompanionObject
kotlin.jvm.internal.ByteSpreadBuilder
kotlin.jvm.internal.CharCompanionObject
kotlin.jvm.internal.CharSpreadBuilder